# JRE version: OpenJDK Runtime Environment (8.0_242-b01) (build 1.8.0_242-release-1644-b01)
# Java VM: OpenJDK 64-Bit Server VM (25.242-b01 mixed mode windows-amd64 compressed oops)
Heap:
 PSYoungGen      total 166912K, used 9846K [0x00000000d5580000, 0x00000000e3500000, 0x0000000100000000)
  eden space 152064K, 0% used [0x00000000d5580000,0x00000000d5580000,0x00000000dea00000)
  from space 14848K, 66% used [0x00000000dea00000,0x00000000df39d8d0,0x00000000df880000)
  to   space 15360K, 0% used [0x00000000e2600000,0x00000000e2600000,0x00000000e3500000)
 ParOldGen       total 49664K, used 29483K [0x0000000080000000, 0x0000000083080000, 0x00000000d5580000)
  object space 49664K, 59% used [0x0000000080000000,0x0000000081ccae78,0x0000000083080000)
 Metaspace       used 56497K, capacity 58832K, committed 58968K, reserved 1099776K
  class space    used 7720K, capacity 8203K, committed 8320K, reserved 1048576K
GC Heap History (10 events):
Event: 11.661 GC heap after
Heap after GC invocations=13 (full 1):
 PSYoungGen      total 127488K, used 577K [0x00000000d5580000, 0x00000000df800000, 0x0000000100000000)
  eden space 118272K, 0% used [0x00000000d5580000,0x00000000d5580000,0x00000000dc900000)
  from space 9216K, 6% used [0x00000000dd200000,0x00000000dd290480,0x00000000ddb00000)
  to   space 9216K, 0% used [0x00000000dc900000,0x00000000dc900000,0x00000000dd200000)
 ParOldGen       total 34304K, used 16581K [0x0000000080000000, 0x0000000082180000, 0x00000000d5580000)
  object space 34304K, 48% used [0x0000000080000000,0x0000000081031758,0x0000000082180000)
 Metaspace       used 34241K, capacity 35392K, committed 35416K, reserved 1079296K
  class space    used 4705K, capacity 4973K, committed 4992K, reserved 1048576K
}
Event: 11.661 GC heap before
{Heap before GC invocations=14 (full 2):
 PSYoungGen      total 127488K, used 577K [0x00000000d5580000, 0x00000000df800000, 0x0000000100000000)
  eden space 118272K, 0% used [0x00000000d5580000,0x00000000d5580000,0x00000000dc900000)
  from space 9216K, 6% used [0x00000000dd200000,0x00000000dd290480,0x00000000ddb00000)
  to   space 9216K, 0% used [0x00000000dc900000,0x00000000dc900000,0x00000000dd200000)
 ParOldGen       total 34304K, used 16581K [0x0000000080000000, 0x0000000082180000, 0x00000000d5580000)
  object space 34304K, 48% used [0x0000000080000000,0x0000000081031758,0x0000000082180000)
 Metaspace       used 34241K, capacity 35392K, committed 35416K, reserved 1079296K
  class space    used 4705K, capacity 4973K, committed 4992K, reserved 1048576K
Event: 11.755 GC heap after
Heap after GC invocations=14 (full 2):
 PSYoungGen      total 127488K, used 0K [0x00000000d5580000, 0x00000000df800000, 0x0000000100000000)
  eden space 118272K, 0% used [0x00000000d5580000,0x00000000d5580000,0x00000000dc900000)
  from space 9216K, 0% used [0x00000000dd200000,0x00000000dd200000,0x00000000ddb00000)
  to   space 9216K, 0% used [0x00000000dc900000,0x00000000dc900000,0x00000000dd200000)
 ParOldGen       total 49664K, used 13600K [0x0000000080000000, 0x0000000083080000, 0x00000000d5580000)
  object space 49664K, 27% used [0x0000000080000000,0x0000000080d48050,0x0000000083080000)
 Metaspace       used 34241K, capacity 35392K, committed 35416K, reserved 1079296K
  class space    used 4705K, capacity 4973K, committed 4992K, reserved 1048576K
}
Event: 20.991 GC heap before
{Heap before GC invocations=15 (full 2):
 PSYoungGen      total 127488K, used 118272K [0x00000000d5580000, 0x00000000df800000, 0x0000000100000000)
  eden space 118272K, 100% used [0x00000000d5580000,0x00000000dc900000,0x00000000dc900000)
  from space 9216K, 0% used [0x00000000dd200000,0x00000000dd200000,0x00000000ddb00000)
  to   space 9216K, 0% used [0x00000000dc900000,0x00000000dc900000,0x00000000dd200000)
 ParOldGen       total 49664K, used 13600K [0x0000000080000000, 0x0000000083080000, 0x00000000d5580000)
  object space 49664K, 27% used [0x0000000080000000,0x0000000080d48050,0x0000000083080000)
 Metaspace       used 37856K, capacity 39548K, committed 39640K, reserved 1083392K
  class space    used 5221K, capacity 5576K, committed 5632K, reserved 1048576K
Event: 21.010 GC heap after
Heap after GC invocations=15 (full 2):
 PSYoungGen      total 127488K, used 7510K [0x00000000d5580000, 0x00000000e0280000, 0x0000000100000000)
  eden space 118272K, 0% used [0x00000000d5580000,0x00000000d5580000,0x00000000dc900000)
  from space 9216K, 81% used [0x00000000dc900000,0x00000000dd055908,0x00000000dd200000)
  to   space 10240K, 0% used [0x00000000df880000,0x00000000df880000,0x00000000e0280000)
 ParOldGen       total 49664K, used 13608K [0x0000000080000000, 0x0000000083080000, 0x00000000d5580000)
  object space 49664K, 27% used [0x0000000080000000,0x0000000080d4a050,0x0000000083080000)
 Metaspace       used 37856K, capacity 39548K, committed 39640K, reserved 1083392K
  class space    used 5221K, capacity 5576K, committed 5632K, reserved 1048576K
}
Event: 32.541 GC heap before
{Heap before GC invocations=16 (full 2):
 PSYoungGen      total 127488K, used 125782K [0x00000000d5580000, 0x00000000e0280000, 0x0000000100000000)
  eden space 118272K, 100% used [0x00000000d5580000,0x00000000dc900000,0x00000000dc900000)
  from space 9216K, 81% used [0x00000000dc900000,0x00000000dd055908,0x00000000dd200000)
  to   space 10240K, 0% used [0x00000000df880000,0x00000000df880000,0x00000000e0280000)
 ParOldGen       total 49664K, used 13608K [0x0000000080000000, 0x0000000083080000, 0x00000000d5580000)
  object space 49664K, 27% used [0x0000000080000000,0x0000000080d4a050,0x0000000083080000)
 Metaspace       used 50624K, capacity 52552K, committed 52824K, reserved 1095680K
  class space    used 6761K, capacity 7170K, committed 7296K, reserved 1048576K
Event: 32.599 GC heap after
Heap after GC invocations=16 (full 2):
 PSYoungGen      total 162304K, used 10217K [0x00000000d5580000, 0x00000000e0780000, 0x0000000100000000)
  eden space 152064K, 0% used [0x00000000d5580000,0x00000000d5580000,0x00000000dea00000)
  from space 10240K, 99% used [0x00000000df880000,0x00000000e027a530,0x00000000e0280000)
  to   space 14848K, 0% used [0x00000000dea00000,0x00000000dea00000,0x00000000df880000)
 ParOldGen       total 49664K, used 22724K [0x0000000080000000, 0x0000000083080000, 0x00000000d5580000)
  object space 49664K, 45% used [0x0000000080000000,0x0000000081631260,0x0000000083080000)
 Metaspace       used 50624K, capacity 52552K, committed 52824K, reserved 1095680K
  class space    used 6761K, capacity 7170K, committed 7296K, reserved 1048576K
}
Event: 37.398 GC heap before
{Heap before GC invocations=17 (full 2):
 PSYoungGen      total 162304K, used 94272K [0x00000000d5580000, 0x00000000e0780000, 0x0000000100000000)
  eden space 152064K, 55% used [0x00000000d5580000,0x00000000da795ae0,0x00000000dea00000)
  from space 10240K, 99% used [0x00000000df880000,0x00000000e027a530,0x00000000e0280000)
  to   space 14848K, 0% used [0x00000000dea00000,0x00000000dea00000,0x00000000df880000)
 ParOldGen       total 49664K, used 22724K [0x0000000080000000, 0x0000000083080000, 0x00000000d5580000)
  object space 49664K, 45% used [0x0000000080000000,0x0000000081631260,0x0000000083080000)
 Metaspace       used 56497K, capacity 58832K, committed 58968K, reserved 1099776K
  class space    used 7720K, capacity 8203K, committed 8320K, reserved 1048576K
Event: 37.560 GC heap after
Heap after GC invocations=17 (full 2):
 PSYoungGen      total 166912K, used 9846K [0x00000000d5580000, 0x00000000e3500000, 0x0000000100000000)
  eden space 152064K, 0% used [0x00000000d5580000,0x00000000d5580000,0x00000000dea00000)
  from space 14848K, 66% used [0x00000000dea00000,0x00000000df39d8d0,0x00000000df880000)
  to   space 15360K, 0% used [0x00000000e2600000,0x00000000e2600000,0x00000000e3500000)
 ParOldGen       total 49664K, used 29483K [0x0000000080000000, 0x0000000083080000, 0x00000000d5580000)
  object space 49664K, 59% used [0x0000000080000000,0x0000000081ccae78,0x0000000083080000)
 Metaspace       used 56497K, capacity 58832K, committed 58968K, reserved 1099776K
  class space    used 7720K, capacity 8203K, committed 8320K, reserved 1048576K
}
Event: 37.560 GC heap before
{Heap before GC invocations=18 (full 3):
 PSYoungGen      total 166912K, used 9846K [0x00000000d5580000, 0x00000000e3500000, 0x0000000100000000)
  eden space 152064K, 0% used [0x00000000d5580000,0x00000000d5580000,0x00000000dea00000)
  from space 14848K, 66% used [0x00000000dea00000,0x00000000df39d8d0,0x00000000df880000)
  to   space 15360K, 0% used [0x00000000e2600000,0x00000000e2600000,0x00000000e3500000)
 ParOldGen       total 49664K, used 29483K [0x0000000080000000, 0x0000000083080000, 0x00000000d5580000)
  object space 49664K, 59% used [0x0000000080000000,0x0000000081ccae78,0x0000000083080000)
 Metaspace       used 56497K, capacity 58832K, committed 58968K, reserved 1099776K
  class space    used 7720K, capacity 8203K, committed 8320K, reserved 1048576K

