# JRE version: OpenJDK Runtime Environment (8.0_242-b01) (build 1.8.0_242-release-1644-b01)
# Java VM: OpenJDK 64-Bit Server VM (25.242-b01 mixed mode windows-amd64 compressed oops)
Heap:
 PSYoungGen      total 281088K, used 76234K [0x00000000d5580000, 0x00000000ed280000, 0x0000000100000000)
  eden space 260096K, 21% used [0x00000000d5580000,0x00000000d8b75420,0x00000000e5380000)
  from space 20992K, 99% used [0x00000000e5380000,0x00000000e67fd3e0,0x00000000e6800000)
  to   space 29696K, 0% used [0x00000000eb580000,0x00000000eb580000,0x00000000ed280000)
 ParOldGen       total 75776K, used 49611K [0x0000000080000000, 0x0000000084a00000, 0x00000000d5580000)
  object space 75776K, 65% used [0x0000000080000000,0x0000000083072f58,0x0000000084a00000)
 Metaspace       used 68311K, capacity 71758K, committed 71896K, reserved 1112064K
  class space    used 9534K, capacity 10172K, committed 10240K, reserved 1048576K
GC Heap History (10 events):
Event: 15.551 GC heap before
{Heap before GC invocations=12 (full 2):
 PSYoungGen      total 208896K, used 8150K [0x00000000d5580000, 0x00000000e2e00000, 0x0000000100000000)
  eden space 196096K, 0% used [0x00000000d5580000,0x00000000d5580000,0x00000000e1500000)
  from space 12800K, 63% used [0x00000000e2180000,0x00000000e2975968,0x00000000e2e00000)
  to   space 12800K, 0% used [0x00000000e1500000,0x00000000e1500000,0x00000000e2180000)
 ParOldGen       total 28672K, used 11333K [0x0000000080000000, 0x0000000081c00000, 0x00000000d5580000)
  object space 28672K, 39% used [0x0000000080000000,0x0000000080b11538,0x0000000081c00000)
 Metaspace       used 34213K, capacity 35392K, committed 35416K, reserved 1079296K
  class space    used 4703K, capacity 4973K, committed 4992K, reserved 1048576K
Event: 15.757 GC heap after
Heap after GC invocations=12 (full 2):
 PSYoungGen      total 208896K, used 0K [0x00000000d5580000, 0x00000000e2e00000, 0x0000000100000000)
  eden space 196096K, 0% used [0x00000000d5580000,0x00000000d5580000,0x00000000e1500000)
  from space 12800K, 0% used [0x00000000e2180000,0x00000000e2180000,0x00000000e2e00000)
  to   space 12800K, 0% used [0x00000000e1500000,0x00000000e1500000,0x00000000e2180000)
 ParOldGen       total 44544K, used 14599K [0x0000000080000000, 0x0000000082b80000, 0x00000000d5580000)
  object space 44544K, 32% used [0x0000000080000000,0x0000000080e41ca8,0x0000000082b80000)
 Metaspace       used 34213K, capacity 35392K, committed 35416K, reserved 1079296K
  class space    used 4703K, capacity 4973K, committed 4992K, reserved 1048576K
}
Event: 28.074 GC heap before
{Heap before GC invocations=13 (full 2):
 PSYoungGen      total 208896K, used 196096K [0x00000000d5580000, 0x00000000e2e00000, 0x0000000100000000)
  eden space 196096K, 100% used [0x00000000d5580000,0x00000000e1500000,0x00000000e1500000)
  from space 12800K, 0% used [0x00000000e2180000,0x00000000e2180000,0x00000000e2e00000)
  to   space 12800K, 0% used [0x00000000e1500000,0x00000000e1500000,0x00000000e2180000)
 ParOldGen       total 44544K, used 14599K [0x0000000080000000, 0x0000000082b80000, 0x00000000d5580000)
  object space 44544K, 32% used [0x0000000080000000,0x0000000080e41ca8,0x0000000082b80000)
 Metaspace       used 45442K, capacity 47188K, committed 47448K, reserved 1089536K
  class space    used 6139K, capacity 6478K, committed 6528K, reserved 1048576K
Event: 28.127 GC heap after
Heap after GC invocations=13 (full 2):
 PSYoungGen      total 208896K, used 12781K [0x00000000d5580000, 0x00000000e7780000, 0x0000000100000000)
  eden space 196096K, 0% used [0x00000000d5580000,0x00000000d5580000,0x00000000e1500000)
  from space 12800K, 99% used [0x00000000e1500000,0x00000000e217b688,0x00000000e2180000)
  to   space 15872K, 0% used [0x00000000e6800000,0x00000000e6800000,0x00000000e7780000)
 ParOldGen       total 44544K, used 17035K [0x0000000080000000, 0x0000000082b80000, 0x00000000d5580000)
  object space 44544K, 38% used [0x0000000080000000,0x00000000810a2ff0,0x0000000082b80000)
 Metaspace       used 45442K, capacity 47188K, committed 47448K, reserved 1089536K
  class space    used 6139K, capacity 6478K, committed 6528K, reserved 1048576K
}
Event: 42.263 GC heap before
{Heap before GC invocations=14 (full 2):
 PSYoungGen      total 208896K, used 156126K [0x00000000d5580000, 0x00000000e7780000, 0x0000000100000000)
  eden space 196096K, 73% used [0x00000000d5580000,0x00000000de17c3c0,0x00000000e1500000)
  from space 12800K, 99% used [0x00000000e1500000,0x00000000e217b688,0x00000000e2180000)
  to   space 15872K, 0% used [0x00000000e6800000,0x00000000e6800000,0x00000000e7780000)
 ParOldGen       total 44544K, used 17035K [0x0000000080000000, 0x0000000082b80000, 0x00000000d5580000)
  object space 44544K, 38% used [0x0000000080000000,0x00000000810a2ff0,0x0000000082b80000)
 Metaspace       used 56467K, capacity 58820K, committed 58968K, reserved 1099776K
  class space    used 7717K, capacity 8201K, committed 8320K, reserved 1048576K
Event: 42.450 GC heap after
Heap after GC invocations=14 (full 2):
 PSYoungGen      total 275968K, used 15870K [0x00000000d5580000, 0x00000000e7c80000, 0x0000000100000000)
  eden space 260096K, 0% used [0x00000000d5580000,0x00000000d5580000,0x00000000e5380000)
  from space 15872K, 99% used [0x00000000e6800000,0x00000000e777fab8,0x00000000e7780000)
  to   space 20992K, 0% used [0x00000000e5380000,0x00000000e5380000,0x00000000e6800000)
 ParOldGen       total 44544K, used 25339K [0x0000000080000000, 0x0000000082b80000, 0x00000000d5580000)
  object space 44544K, 56% used [0x0000000080000000,0x00000000818befa8,0x0000000082b80000)
 Metaspace       used 56467K, capacity 58820K, committed 58968K, reserved 1099776K
  class space    used 7717K, capacity 8201K, committed 8320K, reserved 1048576K
}
Event: 42.450 GC heap before
{Heap before GC invocations=15 (full 3):
 PSYoungGen      total 275968K, used 15870K [0x00000000d5580000, 0x00000000e7c80000, 0x0000000100000000)
  eden space 260096K, 0% used [0x00000000d5580000,0x00000000d5580000,0x00000000e5380000)
  from space 15872K, 99% used [0x00000000e6800000,0x00000000e777fab8,0x00000000e7780000)
  to   space 20992K, 0% used [0x00000000e5380000,0x00000000e5380000,0x00000000e6800000)
 ParOldGen       total 44544K, used 25339K [0x0000000080000000, 0x0000000082b80000, 0x00000000d5580000)
  object space 44544K, 56% used [0x0000000080000000,0x00000000818befa8,0x0000000082b80000)
 Metaspace       used 56467K, capacity 58820K, committed 58968K, reserved 1099776K
  class space    used 7717K, capacity 8201K, committed 8320K, reserved 1048576K
Event: 43.470 GC heap after
Heap after GC invocations=15 (full 3):
 PSYoungGen      total 275968K, used 0K [0x00000000d5580000, 0x00000000e7c80000, 0x0000000100000000)
  eden space 260096K, 0% used [0x00000000d5580000,0x00000000d5580000,0x00000000e5380000)
  from space 15872K, 0% used [0x00000000e6800000,0x00000000e6800000,0x00000000e7780000)
  to   space 20992K, 0% used [0x00000000e5380000,0x00000000e5380000,0x00000000e6800000)
 ParOldGen       total 75776K, used 35892K [0x0000000080000000, 0x0000000084a00000, 0x00000000d5580000)
  object space 75776K, 47% used [0x0000000080000000,0x000000008230d218,0x0000000084a00000)
 Metaspace       used 56460K, capacity 58796K, committed 58968K, reserved 1099776K
  class space    used 7715K, capacity 8197K, committed 8320K, reserved 1048576K
}
Event: 60.032 GC heap before
{Heap before GC invocations=16 (full 3):
 PSYoungGen      total 275968K, used 259863K [0x00000000d5580000, 0x00000000e7c80000, 0x0000000100000000)
  eden space 260096K, 99% used [0x00000000d5580000,0x00000000e5345df0,0x00000000e5380000)
  from space 15872K, 0% used [0x00000000e6800000,0x00000000e6800000,0x00000000e7780000)
  to   space 20992K, 0% used [0x00000000e5380000,0x00000000e5380000,0x00000000e6800000)
 ParOldGen       total 75776K, used 35892K [0x0000000080000000, 0x0000000084a00000, 0x00000000d5580000)
  object space 75776K, 47% used [0x0000000080000000,0x000000008230d218,0x0000000084a00000)
 Metaspace       used 66560K, capacity 69874K, committed 69976K, reserved 1110016K
  class space    used 9204K, capacity 9810K, committed 9856K, reserved 1048576K
Event: 60.118 GC heap after
Heap after GC invocations=16 (full 3):
 PSYoungGen      total 281088K, used 20980K [0x00000000d5580000, 0x00000000ed280000, 0x0000000100000000)
  eden space 260096K, 0% used [0x00000000d5580000,0x00000000d5580000,0x00000000e5380000)
  from space 20992K, 99% used [0x00000000e5380000,0x00000000e67fd3e0,0x00000000e6800000)
  to   space 29696K, 0% used [0x00000000eb580000,0x00000000eb580000,0x00000000ed280000)
 ParOldGen       total 75776K, used 49611K [0x0000000080000000, 0x0000000084a00000, 0x00000000d5580000)
  object space 75776K, 65% used [0x0000000080000000,0x0000000083072f58,0x0000000084a00000)
 Metaspace       used 66560K, capacity 69874K, committed 69976K, reserved 1110016K
  class space    used 9204K, capacity 9810K, committed 9856K, reserved 1048576K
}

