# JRE version: OpenJDK Runtime Environment (8.0_242-b01) (build 1.8.0_242-release-1644-b01)
# Java VM: OpenJDK 64-Bit Server VM (25.242-b01 mixed mode windows-amd64 compressed oops)
Heap:
 PSYoungGen      total 204800K, used 158910K [0x00000000d5580000, 0x00000000e6c00000, 0x0000000100000000)
  eden space 192000K, 76% used [0x00000000d5580000,0x00000000de436530,0x00000000e1100000)
  from space 12800K, 99% used [0x00000000e1100000,0x00000000e1d795b0,0x00000000e1d80000)
  to   space 15872K, 0% used [0x00000000e5c80000,0x00000000e5c80000,0x00000000e6c00000)
 ParOldGen       total 46592K, used 16882K [0x0000000080000000, 0x0000000082d80000, 0x00000000d5580000)
  object space 46592K, 36% used [0x0000000080000000,0x000000008107c8f0,0x0000000082d80000)
 Metaspace       used 56407K, capacity 58828K, committed 59028K, reserved 1099776K
  class space    used 7704K, capacity 8175K, committed 8192K, reserved 1048576K
GC Heap History (10 events):
Event: 11.663 GC heap before
{Heap before GC invocations=9 (full 1):
 PSYoungGen      total 138752K, used 3600K [0x00000000d5580000, 0x00000000de680000, 0x0000000100000000)
  eden space 129024K, 0% used [0x00000000d5580000,0x00000000d5580000,0x00000000dd380000)
  from space 9728K, 37% used [0x00000000ddd00000,0x00000000de084040,0x00000000de680000)
  to   space 9728K, 0% used [0x00000000dd380000,0x00000000dd380000,0x00000000ddd00000)
 ParOldGen       total 44032K, used 8613K [0x0000000080000000, 0x0000000082b00000, 0x00000000d5580000)
  object space 44032K, 19% used [0x0000000080000000,0x0000000080869458,0x0000000082b00000)
 Metaspace       used 20515K, capacity 21204K, committed 21248K, reserved 1067008K
  class space    used 2859K, capacity 3048K, committed 3072K, reserved 1048576K
Event: 11.781 GC heap after
Heap after GC invocations=9 (full 1):
 PSYoungGen      total 138752K, used 0K [0x00000000d5580000, 0x00000000de680000, 0x0000000100000000)
  eden space 129024K, 0% used [0x00000000d5580000,0x00000000d5580000,0x00000000dd380000)
  from space 9728K, 0% used [0x00000000ddd00000,0x00000000ddd00000,0x00000000de680000)
  to   space 9728K, 0% used [0x00000000dd380000,0x00000000dd380000,0x00000000ddd00000)
 ParOldGen       total 29696K, used 6684K [0x0000000080000000, 0x0000000081d00000, 0x00000000d5580000)
  object space 29696K, 22% used [0x0000000080000000,0x00000000806871f8,0x0000000081d00000)
 Metaspace       used 20515K, capacity 21204K, committed 21248K, reserved 1067008K
  class space    used 2859K, capacity 3048K, committed 3072K, reserved 1048576K
}
Event: 15.714 GC heap before
{Heap before GC invocations=10 (full 1):
 PSYoungGen      total 138752K, used 129024K [0x00000000d5580000, 0x00000000de680000, 0x0000000100000000)
  eden space 129024K, 100% used [0x00000000d5580000,0x00000000dd380000,0x00000000dd380000)
  from space 9728K, 0% used [0x00000000ddd00000,0x00000000ddd00000,0x00000000de680000)
  to   space 9728K, 0% used [0x00000000dd380000,0x00000000dd380000,0x00000000ddd00000)
 ParOldGen       total 29696K, used 6684K [0x0000000080000000, 0x0000000081d00000, 0x00000000d5580000)
  object space 29696K, 22% used [0x0000000080000000,0x00000000806871f8,0x0000000081d00000)
 Metaspace       used 32663K, capacity 33744K, committed 33920K, reserved 1079296K
  class space    used 4438K, capacity 4690K, committed 4736K, reserved 1048576K
Event: 15.759 GC heap after
Heap after GC invocations=10 (full 1):
 PSYoungGen      total 138752K, used 9699K [0x00000000d5580000, 0x00000000e2a00000, 0x0000000100000000)
  eden space 129024K, 0% used [0x00000000d5580000,0x00000000d5580000,0x00000000dd380000)
  from space 9728K, 99% used [0x00000000dd380000,0x00000000ddcf8f20,0x00000000ddd00000)
  to   space 12800K, 0% used [0x00000000e1d80000,0x00000000e1d80000,0x00000000e2a00000)
 ParOldGen       total 29696K, used 10836K [0x0000000080000000, 0x0000000081d00000, 0x00000000d5580000)
  object space 29696K, 36% used [0x0000000080000000,0x0000000080a953f0,0x0000000081d00000)
 Metaspace       used 32663K, capacity 33744K, committed 33920K, reserved 1079296K
  class space    used 4438K, capacity 4690K, committed 4736K, reserved 1048576K
}
Event: 16.617 GC heap before
{Heap before GC invocations=11 (full 1):
 PSYoungGen      total 138752K, used 43700K [0x00000000d5580000, 0x00000000e2a00000, 0x0000000100000000)
  eden space 129024K, 26% used [0x00000000d5580000,0x00000000d76b4358,0x00000000dd380000)
  from space 9728K, 99% used [0x00000000dd380000,0x00000000ddcf8f20,0x00000000ddd00000)
  to   space 12800K, 0% used [0x00000000e1d80000,0x00000000e1d80000,0x00000000e2a00000)
 ParOldGen       total 29696K, used 10836K [0x0000000080000000, 0x0000000081d00000, 0x00000000d5580000)
  object space 29696K, 36% used [0x0000000080000000,0x0000000080a953f0,0x0000000081d00000)
 Metaspace       used 34206K, capacity 35392K, committed 35416K, reserved 1079296K
  class space    used 4697K, capacity 4973K, committed 4992K, reserved 1048576K
Event: 16.675 GC heap after
Heap after GC invocations=11 (full 1):
 PSYoungGen      total 204800K, used 8181K [0x00000000d5580000, 0x00000000e2b80000, 0x0000000100000000)
  eden space 192000K, 0% used [0x00000000d5580000,0x00000000d5580000,0x00000000e1100000)
  from space 12800K, 63% used [0x00000000e1d80000,0x00000000e257d750,0x00000000e2a00000)
  to   space 12800K, 0% used [0x00000000e1100000,0x00000000e1100000,0x00000000e1d80000)
 ParOldGen       total 29696K, used 10844K [0x0000000080000000, 0x0000000081d00000, 0x00000000d5580000)
  object space 29696K, 36% used [0x0000000080000000,0x0000000080a973f0,0x0000000081d00000)
 Metaspace       used 34206K, capacity 35392K, committed 35416K, reserved 1079296K
  class space    used 4697K, capacity 4973K, committed 4992K, reserved 1048576K
}
Event: 16.675 GC heap before
{Heap before GC invocations=12 (full 2):
 PSYoungGen      total 204800K, used 8181K [0x00000000d5580000, 0x00000000e2b80000, 0x0000000100000000)
  eden space 192000K, 0% used [0x00000000d5580000,0x00000000d5580000,0x00000000e1100000)
  from space 12800K, 63% used [0x00000000e1d80000,0x00000000e257d750,0x00000000e2a00000)
  to   space 12800K, 0% used [0x00000000e1100000,0x00000000e1100000,0x00000000e1d80000)
 ParOldGen       total 29696K, used 10844K [0x0000000080000000, 0x0000000081d00000, 0x00000000d5580000)
  object space 29696K, 36% used [0x0000000080000000,0x0000000080a973f0,0x0000000081d00000)
 Metaspace       used 34206K, capacity 35392K, committed 35416K, reserved 1079296K
  class space    used 4697K, capacity 4973K, committed 4992K, reserved 1048576K
Event: 16.959 GC heap after
Heap after GC invocations=12 (full 2):
 PSYoungGen      total 204800K, used 0K [0x00000000d5580000, 0x00000000e2b80000, 0x0000000100000000)
  eden space 192000K, 0% used [0x00000000d5580000,0x00000000d5580000,0x00000000e1100000)
  from space 12800K, 0% used [0x00000000e1d80000,0x00000000e1d80000,0x00000000e2a00000)
  to   space 12800K, 0% used [0x00000000e1100000,0x00000000e1100000,0x00000000e1d80000)
 ParOldGen       total 46592K, used 14509K [0x0000000080000000, 0x0000000082d80000, 0x00000000d5580000)
  object space 46592K, 31% used [0x0000000080000000,0x0000000080e2b460,0x0000000082d80000)
 Metaspace       used 34206K, capacity 35392K, committed 35416K, reserved 1079296K
  class space    used 4697K, capacity 4973K, committed 4992K, reserved 1048576K
}
Event: 27.532 GC heap before
{Heap before GC invocations=13 (full 2):
 PSYoungGen      total 204800K, used 192000K [0x00000000d5580000, 0x00000000e2b80000, 0x0000000100000000)
  eden space 192000K, 100% used [0x00000000d5580000,0x00000000e1100000,0x00000000e1100000)
  from space 12800K, 0% used [0x00000000e1d80000,0x00000000e1d80000,0x00000000e2a00000)
  to   space 12800K, 0% used [0x00000000e1100000,0x00000000e1100000,0x00000000e1d80000)
 ParOldGen       total 46592K, used 14509K [0x0000000080000000, 0x0000000082d80000, 0x00000000d5580000)
  object space 46592K, 31% used [0x0000000080000000,0x0000000080e2b460,0x0000000082d80000)
 Metaspace       used 45437K, capacity 47230K, committed 47448K, reserved 1089536K
  class space    used 6141K, capacity 6485K, committed 6528K, reserved 1048576K
Event: 27.592 GC heap after
Heap after GC invocations=13 (full 2):
 PSYoungGen      total 204800K, used 12773K [0x00000000d5580000, 0x00000000e6c00000, 0x0000000100000000)
  eden space 192000K, 0% used [0x00000000d5580000,0x00000000d5580000,0x00000000e1100000)
  from space 12800K, 99% used [0x00000000e1100000,0x00000000e1d795b0,0x00000000e1d80000)
  to   space 15872K, 0% used [0x00000000e5c80000,0x00000000e5c80000,0x00000000e6c00000)
 ParOldGen       total 46592K, used 16882K [0x0000000080000000, 0x0000000082d80000, 0x00000000d5580000)
  object space 46592K, 36% used [0x0000000080000000,0x000000008107c8f0,0x0000000082d80000)
 Metaspace       used 45437K, capacity 47230K, committed 47448K, reserved 1089536K
  class space    used 6141K, capacity 6485K, committed 6528K, reserved 1048576K
}

