# JRE version: OpenJDK Runtime Environment (8.0_242-b01) (build 1.8.0_242-release-1644-b01)
# Java VM: OpenJDK 64-Bit Server VM (25.242-b01 mixed mode windows-amd64 compressed oops)
Heap:
 PSYoungGen      total 243712K, used 70493K [0x00000000d5580000, 0x00000000e8780000, 0x0000000100000000)
  eden space 203776K, 32% used [0x00000000d5580000,0x00000000d9611e18,0x00000000e1c80000)
  from space 39936K, 10% used [0x00000000e4c80000,0x00000000e50c58f8,0x00000000e7380000)
  to   space 49152K, 0% used [0x00000000e1c80000,0x00000000e1c80000,0x00000000e4c80000)
 ParOldGen       total 77312K, used 76947K [0x0000000080000000, 0x0000000084b80000, 0x00000000d5580000)
  object space 77312K, 99% used [0x0000000080000000,0x0000000084b24da0,0x0000000084b80000)
 Metaspace       used 97667K, capacity 102566K, committed 103128K, reserved 1138688K
  class space    used 12769K, capacity 13701K, committed 13824K, reserved 1048576K
GC Heap History (10 events):
Event: 400.242 GC heap before
{Heap before GC invocations=24 (full 5):
 PSYoungGen      total 210432K, used 207133K [0x00000000d5580000, 0x00000000e5200000, 0x0000000100000000)
  eden space 188928K, 100% used [0x00000000d5580000,0x00000000e0e00000,0x00000000e0e00000)
  from space 21504K, 84% used [0x00000000e3d00000,0x00000000e4ec74d0,0x00000000e5200000)
  to   space 34816K, 0% used [0x00000000e0e00000,0x00000000e0e00000,0x00000000e3000000)
 ParOldGen       total 77312K, used 53571K [0x0000000080000000, 0x0000000084b80000, 0x00000000d5580000)
  object space 77312K, 69% used [0x0000000080000000,0x0000000083450f80,0x0000000084b80000)
 Metaspace       used 91979K, capacity 96134K, committed 96216K, reserved 1132544K
  class space    used 12233K, capacity 13039K, committed 13056K, reserved 1048576K
Event: 400.320 GC heap after
Heap after GC invocations=24 (full 5):
 PSYoungGen      total 223744K, used 24473K [0x00000000d5580000, 0x00000000e6580000, 0x0000000100000000)
  eden space 188928K, 0% used [0x00000000d5580000,0x00000000d5580000,0x00000000e0e00000)
  from space 34816K, 70% used [0x00000000e0e00000,0x00000000e25e6768,0x00000000e3000000)
  to   space 36864K, 0% used [0x00000000e4180000,0x00000000e4180000,0x00000000e6580000)
 ParOldGen       total 77312K, used 53587K [0x0000000080000000, 0x0000000084b80000, 0x00000000d5580000)
  object space 77312K, 69% used [0x0000000080000000,0x0000000083454f80,0x0000000084b80000)
 Metaspace       used 91979K, capacity 96134K, committed 96216K, reserved 1132544K
  class space    used 12233K, capacity 13039K, committed 13056K, reserved 1048576K
}
Event: 487.809 GC heap before
{Heap before GC invocations=25 (full 5):
 PSYoungGen      total 223744K, used 213401K [0x00000000d5580000, 0x00000000e6580000, 0x0000000100000000)
  eden space 188928K, 100% used [0x00000000d5580000,0x00000000e0e00000,0x00000000e0e00000)
  from space 34816K, 70% used [0x00000000e0e00000,0x00000000e25e6768,0x00000000e3000000)
  to   space 36864K, 0% used [0x00000000e4180000,0x00000000e4180000,0x00000000e6580000)
 ParOldGen       total 77312K, used 53587K [0x0000000080000000, 0x0000000084b80000, 0x00000000d5580000)
  object space 77312K, 69% used [0x0000000080000000,0x0000000083454f80,0x0000000084b80000)
 Metaspace       used 93065K, capacity 97518K, committed 97624K, reserved 1134592K
  class space    used 12289K, capacity 13115K, committed 13184K, reserved 1048576K
Event: 487.882 GC heap after
Heap after GC invocations=25 (full 5):
 PSYoungGen      total 236544K, used 21069K [0x00000000d5580000, 0x00000000e6380000, 0x0000000100000000)
  eden space 201728K, 0% used [0x00000000d5580000,0x00000000d5580000,0x00000000e1a80000)
  from space 34816K, 60% used [0x00000000e4180000,0x00000000e5613620,0x00000000e6380000)
  to   space 37376K, 0% used [0x00000000e1a80000,0x00000000e1a80000,0x00000000e3f00000)
 ParOldGen       total 77312K, used 53595K [0x0000000080000000, 0x0000000084b80000, 0x00000000d5580000)
  object space 77312K, 69% used [0x0000000080000000,0x0000000083456f80,0x0000000084b80000)
 Metaspace       used 93065K, capacity 97518K, committed 97624K, reserved 1134592K
  class space    used 12289K, capacity 13115K, committed 13184K, reserved 1048576K
}
Event: 535.039 GC heap before
{Heap before GC invocations=26 (full 5):
 PSYoungGen      total 236544K, used 222797K [0x00000000d5580000, 0x00000000e6380000, 0x0000000100000000)
  eden space 201728K, 100% used [0x00000000d5580000,0x00000000e1a80000,0x00000000e1a80000)
  from space 34816K, 60% used [0x00000000e4180000,0x00000000e5613620,0x00000000e6380000)
  to   space 37376K, 0% used [0x00000000e1a80000,0x00000000e1a80000,0x00000000e3f00000)
 ParOldGen       total 77312K, used 53595K [0x0000000080000000, 0x0000000084b80000, 0x00000000d5580000)
  object space 77312K, 69% used [0x0000000080000000,0x0000000083456f80,0x0000000084b80000)
 Metaspace       used 93856K, capacity 98518K, committed 98776K, reserved 1134592K
  class space    used 12336K, capacity 13189K, committed 13312K, reserved 1048576K
Event: 535.133 GC heap after
Heap after GC invocations=26 (full 5):
 PSYoungGen      total 239104K, used 27499K [0x00000000d5580000, 0x00000000e7380000, 0x0000000100000000)
  eden space 201728K, 0% used [0x00000000d5580000,0x00000000d5580000,0x00000000e1a80000)
  from space 37376K, 73% used [0x00000000e1a80000,0x00000000e355aca8,0x00000000e3f00000)
  to   space 39936K, 0% used [0x00000000e4c80000,0x00000000e4c80000,0x00000000e7380000)
 ParOldGen       total 77312K, used 53603K [0x0000000080000000, 0x0000000084b80000, 0x00000000d5580000)
  object space 77312K, 69% used [0x0000000080000000,0x0000000083458f80,0x0000000084b80000)
 Metaspace       used 93856K, capacity 98518K, committed 98776K, reserved 1134592K
  class space    used 12336K, capacity 13189K, committed 13312K, reserved 1048576K
}
Event: 538.808 GC heap before
{Heap before GC invocations=27 (full 5):
 PSYoungGen      total 239104K, used 229126K [0x00000000d5580000, 0x00000000e7380000, 0x0000000100000000)
  eden space 201728K, 99% used [0x00000000d5580000,0x00000000e1a66f40,0x00000000e1a80000)
  from space 37376K, 73% used [0x00000000e1a80000,0x00000000e355aca8,0x00000000e3f00000)
  to   space 39936K, 0% used [0x00000000e4c80000,0x00000000e4c80000,0x00000000e7380000)
 ParOldGen       total 77312K, used 53603K [0x0000000080000000, 0x0000000084b80000, 0x00000000d5580000)
  object space 77312K, 69% used [0x0000000080000000,0x0000000083458f80,0x0000000084b80000)
 Metaspace       used 97787K, capacity 102900K, committed 103128K, reserved 1138688K
  class space    used 12812K, capacity 13776K, committed 13824K, reserved 1048576K
Event: 538.869 GC heap after
Heap after GC invocations=27 (full 5):
 PSYoungGen      total 243712K, used 39928K [0x00000000d5580000, 0x00000000e8780000, 0x0000000100000000)
  eden space 203776K, 0% used [0x00000000d5580000,0x00000000d5580000,0x00000000e1c80000)
  from space 39936K, 99% used [0x00000000e4c80000,0x00000000e737e3a0,0x00000000e7380000)
  to   space 49152K, 0% used [0x00000000e1c80000,0x00000000e1c80000,0x00000000e4c80000)
 ParOldGen       total 77312K, used 61699K [0x0000000080000000, 0x0000000084b80000, 0x00000000d5580000)
  object space 77312K, 79% used [0x0000000080000000,0x0000000083c40fa0,0x0000000084b80000)
 Metaspace       used 97787K, capacity 102900K, committed 103128K, reserved 1138688K
  class space    used 12812K, capacity 13776K, committed 13824K, reserved 1048576K
}
Event: 538.869 GC heap before
{Heap before GC invocations=28 (full 6):
 PSYoungGen      total 243712K, used 39928K [0x00000000d5580000, 0x00000000e8780000, 0x0000000100000000)
  eden space 203776K, 0% used [0x00000000d5580000,0x00000000d5580000,0x00000000e1c80000)
  from space 39936K, 99% used [0x00000000e4c80000,0x00000000e737e3a0,0x00000000e7380000)
  to   space 49152K, 0% used [0x00000000e1c80000,0x00000000e1c80000,0x00000000e4c80000)
 ParOldGen       total 77312K, used 61699K [0x0000000080000000, 0x0000000084b80000, 0x00000000d5580000)
  object space 77312K, 79% used [0x0000000080000000,0x0000000083c40fa0,0x0000000084b80000)
 Metaspace       used 97787K, capacity 102900K, committed 103128K, reserved 1138688K
  class space    used 12812K, capacity 13776K, committed 13824K, reserved 1048576K
Event: 539.394 GC heap after
Heap after GC invocations=28 (full 6):
 PSYoungGen      total 243712K, used 4374K [0x00000000d5580000, 0x00000000e8780000, 0x0000000100000000)
  eden space 203776K, 0% used [0x00000000d5580000,0x00000000d5580000,0x00000000e1c80000)
  from space 39936K, 10% used [0x00000000e4c80000,0x00000000e50c58f8,0x00000000e7380000)
  to   space 49152K, 0% used [0x00000000e1c80000,0x00000000e1c80000,0x00000000e4c80000)
 ParOldGen       total 77312K, used 76947K [0x0000000080000000, 0x0000000084b80000, 0x00000000d5580000)
  object space 77312K, 99% used [0x0000000080000000,0x0000000084b24da0,0x0000000084b80000)
 Metaspace       used 97664K, capacity 102566K, committed 103128K, reserved 1138688K
  class space    used 12769K, capacity 13701K, committed 13824K, reserved 1048576K
}

