# JRE version: OpenJDK Runtime Environment (8.0_242-b01) (build 1.8.0_242-release-1644-b01)
# Java VM: OpenJDK 64-Bit Server VM (25.242-b01 mixed mode windows-amd64 compressed oops)
Heap:
 PSYoungGen      total 210944K, used 112409K [0x00000000d5580000, 0x00000000e3d80000, 0x0000000100000000)
  eden space 197632K, 50% used [0x00000000d5580000,0x00000000db64d488,0x00000000e1680000)
  from space 13312K, 99% used [0x00000000e1680000,0x00000000e23791b8,0x00000000e2380000)
  to   space 13312K, 0% used [0x00000000e2380000,0x00000000e2380000,0x00000000e3080000)
 ParOldGen       total 59392K, used 18131K [0x0000000080000000, 0x0000000083a00000, 0x00000000d5580000)
  object space 59392K, 30% used [0x0000000080000000,0x00000000811b4e38,0x0000000083a00000)
 Metaspace       used 54089K, capacity 56296K, committed 56408K, reserved 1097728K
  class space    used 7344K, capacity 7782K, committed 7808K, reserved 1048576K
GC Heap History (10 events):
Event: 11.178 GC heap before
{Heap before GC invocations=7 (full 1):
 PSYoungGen      total 139776K, used 6432K [0x00000000d5580000, 0x00000000de880000, 0x0000000100000000)
  eden space 130560K, 0% used [0x00000000d5580000,0x00000000d5580000,0x00000000dd500000)
  from space 9216K, 69% used [0x00000000dde80000,0x00000000de4c8200,0x00000000de780000)
  to   space 9728K, 0% used [0x00000000dd500000,0x00000000dd500000,0x00000000dde80000)
 ParOldGen       total 44032K, used 11298K [0x0000000080000000, 0x0000000082b00000, 0x00000000d5580000)
  object space 44032K, 25% used [0x0000000080000000,0x0000000080b08a80,0x0000000082b00000)
 Metaspace       used 20488K, capacity 21204K, committed 21248K, reserved 1067008K
  class space    used 2858K, capacity 3048K, committed 3072K, reserved 1048576K
Event: 11.332 GC heap after
Heap after GC invocations=7 (full 1):
 PSYoungGen      total 139776K, used 0K [0x00000000d5580000, 0x00000000de880000, 0x0000000100000000)
  eden space 130560K, 0% used [0x00000000d5580000,0x00000000d5580000,0x00000000dd500000)
  from space 9216K, 0% used [0x00000000dde80000,0x00000000dde80000,0x00000000de780000)
  to   space 9728K, 0% used [0x00000000dd500000,0x00000000dd500000,0x00000000dde80000)
 ParOldGen       total 39936K, used 9268K [0x0000000080000000, 0x0000000082700000, 0x00000000d5580000)
  object space 39936K, 23% used [0x0000000080000000,0x000000008090d3f8,0x0000000082700000)
 Metaspace       used 20488K, capacity 21204K, committed 21248K, reserved 1067008K
  class space    used 2858K, capacity 3048K, committed 3072K, reserved 1048576K
}
Event: 15.346 GC heap before
{Heap before GC invocations=8 (full 1):
 PSYoungGen      total 139776K, used 130560K [0x00000000d5580000, 0x00000000de880000, 0x0000000100000000)
  eden space 130560K, 100% used [0x00000000d5580000,0x00000000dd500000,0x00000000dd500000)
  from space 9216K, 0% used [0x00000000dde80000,0x00000000dde80000,0x00000000de780000)
  to   space 9728K, 0% used [0x00000000dd500000,0x00000000dd500000,0x00000000dde80000)
 ParOldGen       total 39936K, used 9268K [0x0000000080000000, 0x0000000082700000, 0x00000000d5580000)
  object space 39936K, 23% used [0x0000000080000000,0x000000008090d3f8,0x0000000082700000)
 Metaspace       used 32719K, capacity 33776K, committed 33920K, reserved 1079296K
  class space    used 4461K, capacity 4722K, committed 4736K, reserved 1048576K
Event: 15.386 GC heap after
Heap after GC invocations=8 (full 1):
 PSYoungGen      total 140288K, used 9723K [0x00000000d5580000, 0x00000000e3080000, 0x0000000100000000)
  eden space 130560K, 0% used [0x00000000d5580000,0x00000000d5580000,0x00000000dd500000)
  from space 9728K, 99% used [0x00000000dd500000,0x00000000dde7eeb0,0x00000000dde80000)
  to   space 13312K, 0% used [0x00000000e2380000,0x00000000e2380000,0x00000000e3080000)
 ParOldGen       total 39936K, used 13549K [0x0000000080000000, 0x0000000082700000, 0x00000000d5580000)
  object space 39936K, 33% used [0x0000000080000000,0x0000000080d3b530,0x0000000082700000)
 Metaspace       used 32719K, capacity 33776K, committed 33920K, reserved 1079296K
  class space    used 4461K, capacity 4722K, committed 4736K, reserved 1048576K
}
Event: 16.187 GC heap before
{Heap before GC invocations=9 (full 1):
 PSYoungGen      total 140288K, used 41639K [0x00000000d5580000, 0x00000000e3080000, 0x0000000100000000)
  eden space 130560K, 24% used [0x00000000d5580000,0x00000000d74aaf98,0x00000000dd500000)
  from space 9728K, 99% used [0x00000000dd500000,0x00000000dde7eeb0,0x00000000dde80000)
  to   space 13312K, 0% used [0x00000000e2380000,0x00000000e2380000,0x00000000e3080000)
 ParOldGen       total 39936K, used 13549K [0x0000000080000000, 0x0000000082700000, 0x00000000d5580000)
  object space 39936K, 33% used [0x0000000080000000,0x0000000080d3b530,0x0000000082700000)
 Metaspace       used 34214K, capacity 35392K, committed 35416K, reserved 1079296K
  class space    used 4704K, capacity 4973K, committed 4992K, reserved 1048576K
Event: 16.224 GC heap after
Heap after GC invocations=9 (full 1):
 PSYoungGen      total 210944K, used 8028K [0x00000000d5580000, 0x00000000e3d80000, 0x0000000100000000)
  eden space 197632K, 0% used [0x00000000d5580000,0x00000000d5580000,0x00000000e1680000)
  from space 13312K, 60% used [0x00000000e2380000,0x00000000e2b573d0,0x00000000e3080000)
  to   space 13312K, 0% used [0x00000000e1680000,0x00000000e1680000,0x00000000e2380000)
 ParOldGen       total 39936K, used 13557K [0x0000000080000000, 0x0000000082700000, 0x00000000d5580000)
  object space 39936K, 33% used [0x0000000080000000,0x0000000080d3d530,0x0000000082700000)
 Metaspace       used 34214K, capacity 35392K, committed 35416K, reserved 1079296K
  class space    used 4704K, capacity 4973K, committed 4992K, reserved 1048576K
}
Event: 16.225 GC heap before
{Heap before GC invocations=10 (full 2):
 PSYoungGen      total 210944K, used 8028K [0x00000000d5580000, 0x00000000e3d80000, 0x0000000100000000)
  eden space 197632K, 0% used [0x00000000d5580000,0x00000000d5580000,0x00000000e1680000)
  from space 13312K, 60% used [0x00000000e2380000,0x00000000e2b573d0,0x00000000e3080000)
  to   space 13312K, 0% used [0x00000000e1680000,0x00000000e1680000,0x00000000e2380000)
 ParOldGen       total 39936K, used 13557K [0x0000000080000000, 0x0000000082700000, 0x00000000d5580000)
  object space 39936K, 33% used [0x0000000080000000,0x0000000080d3d530,0x0000000082700000)
 Metaspace       used 34214K, capacity 35392K, committed 35416K, reserved 1079296K
  class space    used 4704K, capacity 4973K, committed 4992K, reserved 1048576K
Event: 16.448 GC heap after
Heap after GC invocations=10 (full 2):
 PSYoungGen      total 210944K, used 0K [0x00000000d5580000, 0x00000000e3d80000, 0x0000000100000000)
  eden space 197632K, 0% used [0x00000000d5580000,0x00000000d5580000,0x00000000e1680000)
  from space 13312K, 0% used [0x00000000e2380000,0x00000000e2380000,0x00000000e3080000)
  to   space 13312K, 0% used [0x00000000e1680000,0x00000000e1680000,0x00000000e2380000)
 ParOldGen       total 59392K, used 14521K [0x0000000080000000, 0x0000000083a00000, 0x00000000d5580000)
  object space 59392K, 24% used [0x0000000080000000,0x0000000080e2e4a0,0x0000000083a00000)
 Metaspace       used 34214K, capacity 35392K, committed 35416K, reserved 1079296K
  class space    used 4704K, capacity 4973K, committed 4992K, reserved 1048576K
}
Event: 30.418 GC heap before
{Heap before GC invocations=11 (full 2):
 PSYoungGen      total 210944K, used 197632K [0x00000000d5580000, 0x00000000e3d80000, 0x0000000100000000)
  eden space 197632K, 100% used [0x00000000d5580000,0x00000000e1680000,0x00000000e1680000)
  from space 13312K, 0% used [0x00000000e2380000,0x00000000e2380000,0x00000000e3080000)
  to   space 13312K, 0% used [0x00000000e1680000,0x00000000e1680000,0x00000000e2380000)
 ParOldGen       total 59392K, used 14521K [0x0000000080000000, 0x0000000083a00000, 0x00000000d5580000)
  object space 59392K, 24% used [0x0000000080000000,0x0000000080e2e4a0,0x0000000083a00000)
 Metaspace       used 45538K, capacity 47360K, committed 47448K, reserved 1089536K
  class space    used 6156K, capacity 6512K, committed 6528K, reserved 1048576K
Event: 30.478 GC heap after
Heap after GC invocations=11 (full 2):
 PSYoungGen      total 210944K, used 13284K [0x00000000d5580000, 0x00000000e3d80000, 0x0000000100000000)
  eden space 197632K, 0% used [0x00000000d5580000,0x00000000d5580000,0x00000000e1680000)
  from space 13312K, 99% used [0x00000000e1680000,0x00000000e23791b8,0x00000000e2380000)
  to   space 13312K, 0% used [0x00000000e2380000,0x00000000e2380000,0x00000000e3080000)
 ParOldGen       total 59392K, used 18131K [0x0000000080000000, 0x0000000083a00000, 0x00000000d5580000)
  object space 59392K, 30% used [0x0000000080000000,0x00000000811b4e38,0x0000000083a00000)
 Metaspace       used 45538K, capacity 47360K, committed 47448K, reserved 1089536K
  class space    used 6156K, capacity 6512K, committed 6528K, reserved 1048576K
}

