# JRE version: OpenJDK Runtime Environment (8.0_242-b01) (build 1.8.0_242-release-1644-b01)
# Java VM: OpenJDK 64-Bit Server VM (25.242-b01 mixed mode windows-amd64 compressed oops)
Heap:
 PSYoungGen      total 204800K, used 152622K [0x00000000d5580000, 0x00000000e2a00000, 0x0000000100000000)
  eden space 192000K, 72% used [0x00000000d5580000,0x00000000dde13498,0x00000000e1100000)
  from space 12800K, 99% used [0x00000000e1100000,0x00000000e1d786d8,0x00000000e1d80000)
  to   space 12800K, 0% used [0x00000000e1d80000,0x00000000e1d80000,0x00000000e2a00000)
 ParOldGen       total 46080K, used 16411K [0x0000000080000000, 0x0000000082d00000, 0x00000000d5580000)
  object space 46080K, 35% used [0x0000000080000000,0x0000000081006dd8,0x0000000082d00000)
 Metaspace       used 56225K, capacity 58588K, committed 58840K, reserved 1099776K
  class space    used 7686K, capacity 8165K, committed 8192K, reserved 1048576K
GC Heap History (10 events):
Event: 11.706 GC heap before
{Heap before GC invocations=9 (full 1):
 PSYoungGen      total 138752K, used 3652K [0x00000000d5580000, 0x00000000de680000, 0x0000000100000000)
  eden space 129024K, 0% used [0x00000000d5580000,0x00000000d5580000,0x00000000dd380000)
  from space 9728K, 37% used [0x00000000ddd00000,0x00000000de091050,0x00000000de680000)
  to   space 9728K, 0% used [0x00000000dd380000,0x00000000dd380000,0x00000000ddd00000)
 ParOldGen       total 44032K, used 8655K [0x0000000080000000, 0x0000000082b00000, 0x00000000d5580000)
  object space 44032K, 19% used [0x0000000080000000,0x0000000080873e10,0x0000000082b00000)
 Metaspace       used 20500K, capacity 21204K, committed 21248K, reserved 1067008K
  class space    used 2858K, capacity 3048K, committed 3072K, reserved 1048576K
Event: 11.850 GC heap after
Heap after GC invocations=9 (full 1):
 PSYoungGen      total 138752K, used 0K [0x00000000d5580000, 0x00000000de680000, 0x0000000100000000)
  eden space 129024K, 0% used [0x00000000d5580000,0x00000000d5580000,0x00000000dd380000)
  from space 9728K, 0% used [0x00000000ddd00000,0x00000000ddd00000,0x00000000de680000)
  to   space 9728K, 0% used [0x00000000dd380000,0x00000000dd380000,0x00000000ddd00000)
 ParOldGen       total 29696K, used 6687K [0x0000000080000000, 0x0000000081d00000, 0x00000000d5580000)
  object space 29696K, 22% used [0x0000000080000000,0x0000000080687d48,0x0000000081d00000)
 Metaspace       used 20500K, capacity 21204K, committed 21248K, reserved 1067008K
  class space    used 2858K, capacity 3048K, committed 3072K, reserved 1048576K
}
Event: 15.191 GC heap before
{Heap before GC invocations=10 (full 1):
 PSYoungGen      total 138752K, used 129024K [0x00000000d5580000, 0x00000000de680000, 0x0000000100000000)
  eden space 129024K, 100% used [0x00000000d5580000,0x00000000dd380000,0x00000000dd380000)
  from space 9728K, 0% used [0x00000000ddd00000,0x00000000ddd00000,0x00000000de680000)
  to   space 9728K, 0% used [0x00000000dd380000,0x00000000dd380000,0x00000000ddd00000)
 ParOldGen       total 29696K, used 6687K [0x0000000080000000, 0x0000000081d00000, 0x00000000d5580000)
  object space 29696K, 22% used [0x0000000080000000,0x0000000080687d48,0x0000000081d00000)
 Metaspace       used 32656K, capacity 33744K, committed 33920K, reserved 1079296K
  class space    used 4446K, capacity 4690K, committed 4736K, reserved 1048576K
Event: 15.229 GC heap after
Heap after GC invocations=10 (full 1):
 PSYoungGen      total 138752K, used 9699K [0x00000000d5580000, 0x00000000e2a00000, 0x0000000100000000)
  eden space 129024K, 0% used [0x00000000d5580000,0x00000000d5580000,0x00000000dd380000)
  from space 9728K, 99% used [0x00000000dd380000,0x00000000ddcf8f20,0x00000000ddd00000)
  to   space 12800K, 0% used [0x00000000e1d80000,0x00000000e1d80000,0x00000000e2a00000)
 ParOldGen       total 29696K, used 10792K [0x0000000080000000, 0x0000000081d00000, 0x00000000d5580000)
  object space 29696K, 36% used [0x0000000080000000,0x0000000080a8a240,0x0000000081d00000)
 Metaspace       used 32656K, capacity 33744K, committed 33920K, reserved 1079296K
  class space    used 4446K, capacity 4690K, committed 4736K, reserved 1048576K
}
Event: 16.193 GC heap before
{Heap before GC invocations=11 (full 1):
 PSYoungGen      total 138752K, used 41643K [0x00000000d5580000, 0x00000000e2a00000, 0x0000000100000000)
  eden space 129024K, 24% used [0x00000000d5580000,0x00000000d74b1e78,0x00000000dd380000)
  from space 9728K, 99% used [0x00000000dd380000,0x00000000ddcf8f20,0x00000000ddd00000)
  to   space 12800K, 0% used [0x00000000e1d80000,0x00000000e1d80000,0x00000000e2a00000)
 ParOldGen       total 29696K, used 10792K [0x0000000080000000, 0x0000000081d00000, 0x00000000d5580000)
  object space 29696K, 36% used [0x0000000080000000,0x0000000080a8a240,0x0000000081d00000)
 Metaspace       used 34198K, capacity 35392K, committed 35416K, reserved 1079296K
  class space    used 4702K, capacity 4973K, committed 4992K, reserved 1048576K
Event: 16.246 GC heap after
Heap after GC invocations=11 (full 1):
 PSYoungGen      total 204800K, used 8136K [0x00000000d5580000, 0x00000000e2a00000, 0x0000000100000000)
  eden space 192000K, 0% used [0x00000000d5580000,0x00000000d5580000,0x00000000e1100000)
  from space 12800K, 63% used [0x00000000e1d80000,0x00000000e2572140,0x00000000e2a00000)
  to   space 12800K, 0% used [0x00000000e1100000,0x00000000e1100000,0x00000000e1d80000)
 ParOldGen       total 29696K, used 10800K [0x0000000080000000, 0x0000000081d00000, 0x00000000d5580000)
  object space 29696K, 36% used [0x0000000080000000,0x0000000080a8c240,0x0000000081d00000)
 Metaspace       used 34198K, capacity 35392K, committed 35416K, reserved 1079296K
  class space    used 4702K, capacity 4973K, committed 4992K, reserved 1048576K
}
Event: 16.246 GC heap before
{Heap before GC invocations=12 (full 2):
 PSYoungGen      total 204800K, used 8136K [0x00000000d5580000, 0x00000000e2a00000, 0x0000000100000000)
  eden space 192000K, 0% used [0x00000000d5580000,0x00000000d5580000,0x00000000e1100000)
  from space 12800K, 63% used [0x00000000e1d80000,0x00000000e2572140,0x00000000e2a00000)
  to   space 12800K, 0% used [0x00000000e1100000,0x00000000e1100000,0x00000000e1d80000)
 ParOldGen       total 29696K, used 10800K [0x0000000080000000, 0x0000000081d00000, 0x00000000d5580000)
  object space 29696K, 36% used [0x0000000080000000,0x0000000080a8c240,0x0000000081d00000)
 Metaspace       used 34198K, capacity 35392K, committed 35416K, reserved 1079296K
  class space    used 4702K, capacity 4973K, committed 4992K, reserved 1048576K
Event: 16.485 GC heap after
Heap after GC invocations=12 (full 2):
 PSYoungGen      total 204800K, used 0K [0x00000000d5580000, 0x00000000e2a00000, 0x0000000100000000)
  eden space 192000K, 0% used [0x00000000d5580000,0x00000000d5580000,0x00000000e1100000)
  from space 12800K, 0% used [0x00000000e1d80000,0x00000000e1d80000,0x00000000e2a00000)
  to   space 12800K, 0% used [0x00000000e1100000,0x00000000e1100000,0x00000000e1d80000)
 ParOldGen       total 46080K, used 14496K [0x0000000080000000, 0x0000000082d00000, 0x00000000d5580000)
  object space 46080K, 31% used [0x0000000080000000,0x0000000080e282b8,0x0000000082d00000)
 Metaspace       used 34198K, capacity 35392K, committed 35416K, reserved 1079296K
  class space    used 4702K, capacity 4973K, committed 4992K, reserved 1048576K
}
Event: 38.601 GC heap before
{Heap before GC invocations=13 (full 2):
 PSYoungGen      total 204800K, used 192000K [0x00000000d5580000, 0x00000000e2a00000, 0x0000000100000000)
  eden space 192000K, 100% used [0x00000000d5580000,0x00000000e1100000,0x00000000e1100000)
  from space 12800K, 0% used [0x00000000e1d80000,0x00000000e1d80000,0x00000000e2a00000)
  to   space 12800K, 0% used [0x00000000e1100000,0x00000000e1100000,0x00000000e1d80000)
 ParOldGen       total 46080K, used 14496K [0x0000000080000000, 0x0000000082d00000, 0x00000000d5580000)
  object space 46080K, 31% used [0x0000000080000000,0x0000000080e282b8,0x0000000082d00000)
 Metaspace       used 45443K, capacity 47266K, committed 47448K, reserved 1089536K
  class space    used 6143K, capacity 6481K, committed 6528K, reserved 1048576K
Event: 38.641 GC heap after
Heap after GC invocations=13 (full 2):
 PSYoungGen      total 204800K, used 12769K [0x00000000d5580000, 0x00000000e2a00000, 0x0000000100000000)
  eden space 192000K, 0% used [0x00000000d5580000,0x00000000d5580000,0x00000000e1100000)
  from space 12800K, 99% used [0x00000000e1100000,0x00000000e1d786d8,0x00000000e1d80000)
  to   space 12800K, 0% used [0x00000000e1d80000,0x00000000e1d80000,0x00000000e2a00000)
 ParOldGen       total 46080K, used 16411K [0x0000000080000000, 0x0000000082d00000, 0x00000000d5580000)
  object space 46080K, 35% used [0x0000000080000000,0x0000000081006dd8,0x0000000082d00000)
 Metaspace       used 45443K, capacity 47266K, committed 47448K, reserved 1089536K
  class space    used 6143K, capacity 6481K, committed 6528K, reserved 1048576K
}

