# JRE version: OpenJDK Runtime Environment (8.0_242-b01) (build 1.8.0_242-release-1644-b01)
# Java VM: OpenJDK 64-Bit Server VM (25.242-b01 mixed mode windows-amd64 compressed oops)
Heap:
 PSYoungGen      total 275456K, used 74011K [0x00000000d5580000, 0x00000000e7800000, 0x0000000100000000)
  eden space 254464K, 27% used [0x00000000d5580000,0x00000000d998d8a8,0x00000000e4e00000)
  from space 20992K, 20% used [0x00000000e4e00000,0x00000000e52394b8,0x00000000e6280000)
  to   space 15360K, 0% used [0x00000000e6280000,0x00000000e6280000,0x00000000e7180000)
 ParOldGen       total 75264K, used 75120K [0x0000000080000000, 0x0000000084980000, 0x00000000d5580000)
  object space 75264K, 99% used [0x0000000080000000,0x000000008495c228,0x0000000084980000)
 Metaspace       used 86792K, capacity 91092K, committed 92248K, reserved 1130496K
  class space    used 11750K, capacity 12576K, committed 12928K, reserved 1048576K
GC Heap History (10 events):
Event: 66.326 GC heap before
{Heap before GC invocations=15 (full 3):
 PSYoungGen      total 269824K, used 15347K [0x00000000d5580000, 0x00000000e7800000, 0x0000000100000000)
  eden space 254464K, 0% used [0x00000000d5580000,0x00000000d5580000,0x00000000e4e00000)
  from space 15360K, 99% used [0x00000000e6280000,0x00000000e717cea8,0x00000000e7180000)
  to   space 20992K, 0% used [0x00000000e4e00000,0x00000000e4e00000,0x00000000e6280000)
 ParOldGen       total 45056K, used 24488K [0x0000000080000000, 0x0000000082c00000, 0x00000000d5580000)
  object space 45056K, 54% used [0x0000000080000000,0x00000000817ea128,0x0000000082c00000)
 Metaspace       used 56487K, capacity 58840K, committed 58968K, reserved 1099776K
  class space    used 7719K, capacity 8205K, committed 8320K, reserved 1048576K
Event: 66.646 GC heap after
Heap after GC invocations=15 (full 3):
 PSYoungGen      total 269824K, used 0K [0x00000000d5580000, 0x00000000e7800000, 0x0000000100000000)
  eden space 254464K, 0% used [0x00000000d5580000,0x00000000d5580000,0x00000000e4e00000)
  from space 15360K, 0% used [0x00000000e6280000,0x00000000e6280000,0x00000000e7180000)
  to   space 20992K, 0% used [0x00000000e4e00000,0x00000000e4e00000,0x00000000e6280000)
 ParOldGen       total 75264K, used 35957K [0x0000000080000000, 0x0000000084980000, 0x00000000d5580000)
  object space 75264K, 47% used [0x0000000080000000,0x000000008231d620,0x0000000084980000)
 Metaspace       used 56473K, capacity 58792K, committed 58968K, reserved 1099776K
  class space    used 7715K, capacity 8197K, committed 8320K, reserved 1048576K
}
Event: 80.667 GC heap before
{Heap before GC invocations=16 (full 3):
 PSYoungGen      total 269824K, used 254464K [0x00000000d5580000, 0x00000000e7800000, 0x0000000100000000)
  eden space 254464K, 100% used [0x00000000d5580000,0x00000000e4e00000,0x00000000e4e00000)
  from space 15360K, 0% used [0x00000000e6280000,0x00000000e6280000,0x00000000e7180000)
  to   space 20992K, 0% used [0x00000000e4e00000,0x00000000e4e00000,0x00000000e6280000)
 ParOldGen       total 75264K, used 35957K [0x0000000080000000, 0x0000000084980000, 0x00000000d5580000)
  object space 75264K, 47% used [0x0000000080000000,0x000000008231d620,0x0000000084980000)
 Metaspace       used 65688K, capacity 68832K, committed 69080K, reserved 1107968K
  class space    used 9028K, capacity 9615K, committed 9728K, reserved 1048576K
Event: 80.746 GC heap after
Heap after GC invocations=16 (full 3):
 PSYoungGen      total 275456K, used 19730K [0x00000000d5580000, 0x00000000e7800000, 0x0000000100000000)
  eden space 254464K, 0% used [0x00000000d5580000,0x00000000d5580000,0x00000000e4e00000)
  from space 20992K, 93% used [0x00000000e4e00000,0x00000000e6144bf0,0x00000000e6280000)
  to   space 15360K, 0% used [0x00000000e6280000,0x00000000e6280000,0x00000000e7180000)
 ParOldGen       total 75264K, used 35965K [0x0000000080000000, 0x0000000084980000, 0x00000000d5580000)
  object space 75264K, 47% used [0x0000000080000000,0x000000008231f620,0x0000000084980000)
 Metaspace       used 65688K, capacity 68832K, committed 69080K, reserved 1107968K
  class space    used 9028K, capacity 9615K, committed 9728K, reserved 1048576K
}
Event: 119.046 GC heap before
{Heap before GC invocations=17 (full 3):
 PSYoungGen      total 275456K, used 274194K [0x00000000d5580000, 0x00000000e7800000, 0x0000000100000000)
  eden space 254464K, 100% used [0x00000000d5580000,0x00000000e4e00000,0x00000000e4e00000)
  from space 20992K, 93% used [0x00000000e4e00000,0x00000000e6144bf0,0x00000000e6280000)
  to   space 15360K, 0% used [0x00000000e6280000,0x00000000e6280000,0x00000000e7180000)
 ParOldGen       total 75264K, used 35965K [0x0000000080000000, 0x0000000084980000, 0x00000000d5580000)
  object space 75264K, 47% used [0x0000000080000000,0x000000008231f620,0x0000000084980000)
 Metaspace       used 76501K, capacity 79824K, committed 80088K, reserved 1118208K
  class space    used 10293K, capacity 10916K, committed 11008K, reserved 1048576K
Event: 119.299 GC heap after
Heap after GC invocations=17 (full 3):
 PSYoungGen      total 269824K, used 15332K [0x00000000d5580000, 0x00000000e7800000, 0x0000000100000000)
  eden space 254464K, 0% used [0x00000000d5580000,0x00000000d5580000,0x00000000e4e00000)
  from space 15360K, 99% used [0x00000000e6280000,0x00000000e71791f0,0x00000000e7180000)
  to   space 20992K, 0% used [0x00000000e4e00000,0x00000000e4e00000,0x00000000e6280000)
 ParOldGen       total 75264K, used 55367K [0x0000000080000000, 0x0000000084980000, 0x00000000d5580000)
  object space 75264K, 73% used [0x0000000080000000,0x0000000083611c10,0x0000000084980000)
 Metaspace       used 76501K, capacity 79824K, committed 80088K, reserved 1118208K
  class space    used 10293K, capacity 10916K, committed 11008K, reserved 1048576K
}
Event: 130.987 GC heap before
{Heap before GC invocations=18 (full 3):
 PSYoungGen      total 269824K, used 231641K [0x00000000d5580000, 0x00000000e7800000, 0x0000000100000000)
  eden space 254464K, 85% used [0x00000000d5580000,0x00000000e28bd378,0x00000000e4e00000)
  from space 15360K, 99% used [0x00000000e6280000,0x00000000e71791f0,0x00000000e7180000)
  to   space 20992K, 0% used [0x00000000e4e00000,0x00000000e4e00000,0x00000000e6280000)
 ParOldGen       total 75264K, used 55367K [0x0000000080000000, 0x0000000084980000, 0x00000000d5580000)
  object space 75264K, 73% used [0x0000000080000000,0x0000000083611c10,0x0000000084980000)
 Metaspace       used 86457K, capacity 91250K, committed 91352K, reserved 1132544K
  class space    used 11779K, capacity 12723K, committed 12800K, reserved 1048576K
Event: 131.095 GC heap after
Heap after GC invocations=18 (full 3):
 PSYoungGen      total 275456K, used 20981K [0x00000000d5580000, 0x00000000e7800000, 0x0000000100000000)
  eden space 254464K, 0% used [0x00000000d5580000,0x00000000d5580000,0x00000000e4e00000)
  from space 20992K, 99% used [0x00000000e4e00000,0x00000000e627d7a8,0x00000000e6280000)
  to   space 15360K, 0% used [0x00000000e6280000,0x00000000e6280000,0x00000000e7180000)
 ParOldGen       total 75264K, used 73986K [0x0000000080000000, 0x0000000084980000, 0x00000000d5580000)
  object space 75264K, 98% used [0x0000000080000000,0x0000000084840858,0x0000000084980000)
 Metaspace       used 86457K, capacity 91250K, committed 91352K, reserved 1132544K
  class space    used 11779K, capacity 12723K, committed 12800K, reserved 1048576K
}
Event: 131.095 GC heap before
{Heap before GC invocations=19 (full 4):
 PSYoungGen      total 275456K, used 20981K [0x00000000d5580000, 0x00000000e7800000, 0x0000000100000000)
  eden space 254464K, 0% used [0x00000000d5580000,0x00000000d5580000,0x00000000e4e00000)
  from space 20992K, 99% used [0x00000000e4e00000,0x00000000e627d7a8,0x00000000e6280000)
  to   space 15360K, 0% used [0x00000000e6280000,0x00000000e6280000,0x00000000e7180000)
 ParOldGen       total 75264K, used 73986K [0x0000000080000000, 0x0000000084980000, 0x00000000d5580000)
  object space 75264K, 98% used [0x0000000080000000,0x0000000084840858,0x0000000084980000)
 Metaspace       used 86457K, capacity 91250K, committed 91352K, reserved 1132544K
  class space    used 11779K, capacity 12723K, committed 12800K, reserved 1048576K
Event: 132.537 GC heap after
Heap after GC invocations=19 (full 4):
 PSYoungGen      total 275456K, used 4325K [0x00000000d5580000, 0x00000000e7800000, 0x0000000100000000)
  eden space 254464K, 0% used [0x00000000d5580000,0x00000000d5580000,0x00000000e4e00000)
  from space 20992K, 20% used [0x00000000e4e00000,0x00000000e52394b8,0x00000000e6280000)
  to   space 15360K, 0% used [0x00000000e6280000,0x00000000e6280000,0x00000000e7180000)
 ParOldGen       total 75264K, used 75120K [0x0000000080000000, 0x0000000084980000, 0x00000000d5580000)
  object space 75264K, 99% used [0x0000000080000000,0x000000008495c228,0x0000000084980000)
 Metaspace       used 85984K, capacity 90142K, committed 91352K, reserved 1130496K
  class space    used 11608K, capacity 12417K, committed 12800K, reserved 1048576K
}

